2025-03-08 10:02:28 [INFO]: Load dataset
2025-03-08 10:02:28 [INFO]: Load raw events from sockshop dataset
2025-03-08 10:02:28 [INFO]: Build dataset for training
2025-03-08 10:02:37 [INFO]: Training...
2025-03-08 10:02:37 [INFO]: Currently using GPU 0
2025-03-08 10:02:37 [INFO]: dataset: sockshop
2025-03-08 10:02:37 [INFO]: reconstruct: False
2025-03-08 10:02:37 [INFO]: log_step: 20
2025-03-08 10:02:37 [INFO]: gpu_device: 0
2025-03-08 10:02:37 [INFO]: modalities: ['metric', 'trace', 'log']
2025-03-08 10:02:37 [INFO]: metric_direction: True
2025-03-08 10:02:37 [INFO]: trace_op: True
2025-03-08 10:02:37 [INFO]: trace_ab_type: True
2025-03-08 10:02:37 [INFO]: aug_percent: 0.4
2025-03-08 10:02:37 [INFO]: aug_times: 10
2025-03-08 10:02:37 [INFO]: TO: True
2025-03-08 10:02:37 [INFO]: CM: True
2025-03-08 10:02:37 [INFO]: dynamic_weight: True
2025-03-08 10:02:37 [INFO]: temperature: 0.3
2025-03-08 10:02:37 [INFO]: contrastive_loss_scale: 0.1
2025-03-08 10:02:37 [INFO]: batch_size: 128
2025-03-08 10:02:37 [INFO]: epochs: 500
2025-03-08 10:02:37 [INFO]: alert_embedding_dim: 128
2025-03-08 10:02:37 [INFO]: graph_hidden_dim: 64
2025-03-08 10:02:37 [INFO]: graph_out: 32
2025-03-08 10:02:37 [INFO]: graph_layers: 2
2025-03-08 10:02:37 [INFO]: linear_hidden: [64]
2025-03-08 10:02:37 [INFO]: lr: 0.001
2025-03-08 10:02:37 [INFO]: weight_decay: 0.0001
2025-03-08 10:02:37 [INFO]: feat_drop: 0
2025-03-08 10:02:37 [INFO]: patience: 10
2025-03-08 10:02:37 [INFO]: ft_num: 7
2025-03-08 10:02:37 [INFO]: aggregator: mean
2025-03-08 10:02:37 [INFO]: MainModel(
  (encoders): ModuleDict(
    (metric): Encoder(
      (graph_encoder): SAGEEncoder(
        (sage_layers): ModuleList(
          (0): SAGEConv(
            (feat_drop): Dropout(p=0, inplace=False)
            (fc_neigh): Linear(in_features=128, out_features=64, bias=False)
            (fc_self): Linear(in_features=128, out_features=64, bias=False)
          )
          (1): SAGEConv(
            (feat_drop): Dropout(p=0, inplace=False)
            (fc_neigh): Linear(in_features=64, out_features=32, bias=False)
            (fc_self): Linear(in_features=64, out_features=32, bias=False)
          )
        )
        (pool): MaxPooling()
      )
    )
    (trace): Encoder(
      (graph_encoder): SAGEEncoder(
        (sage_layers): ModuleList(
          (0): SAGEConv(
            (feat_drop): Dropout(p=0, inplace=False)
            (fc_neigh): Linear(in_features=128, out_features=64, bias=False)
            (fc_self): Linear(in_features=128, out_features=64, bias=False)
          )
          (1): SAGEConv(
            (feat_drop): Dropout(p=0, inplace=False)
            (fc_neigh): Linear(in_features=64, out_features=32, bias=False)
            (fc_self): Linear(in_features=64, out_features=32, bias=False)
          )
        )
        (pool): MaxPooling()
      )
    )
    (log): Encoder(
      (graph_encoder): SAGEEncoder(
        (sage_layers): ModuleList(
          (0): SAGEConv(
            (feat_drop): Dropout(p=0, inplace=False)
            (fc_neigh): Linear(in_features=128, out_features=64, bias=False)
            (fc_self): Linear(in_features=128, out_features=64, bias=False)
          )
          (1): SAGEConv(
            (feat_drop): Dropout(p=0, inplace=False)
            (fc_neigh): Linear(in_features=64, out_features=32, bias=False)
            (fc_self): Linear(in_features=64, out_features=32, bias=False)
          )
        )
        (pool): MaxPooling()
      )
    )
  )
  (locator): Voter(
    (net): FullyConnected(
      (net): Sequential(
        (0): Linear(in_features=96, out_features=64, bias=True)
        (1): ReLU()
        (2): Linear(in_features=64, out_features=1, bias=True)
      )
    )
  )
  (typeClassifier): Classifier(
    (net): FullyConnected(
      (net): Sequential(
        (0): Linear(in_features=96, out_features=64, bias=True)
        (1): ReLU()
        (2): Linear(in_features=64, out_features=7, bias=True)
      )
    )
  )
)
2025-03-08 10:02:37 [INFO]: Start training for 500 epochs.
2025-03-08 10:02:37 [DEBUG]: con_loss: 2.732, RCA_loss: 3.167, TC_loss: 2.665
2025-03-08 10:02:38 [DEBUG]: con_loss: 2.699, RCA_loss: 2.857, TC_loss: 2.156
2025-03-08 10:02:38 [INFO]: Epoch 0 done. Loss: 6.842, Time per epoch: 1.749[s]
2025-03-08 10:02:39 [DEBUG]: con_loss: 2.732, RCA_loss: 2.645, TC_loss: 2.044
2025-03-08 10:02:39 [DEBUG]: con_loss: 2.699, RCA_loss: 2.403, TC_loss: 1.966
2025-03-08 10:02:40 [INFO]: Epoch 1 done. Loss: 6.395, Time per epoch: 1.103[s]
2025-03-08 10:02:40 [DEBUG]: con_loss: 2.733, RCA_loss: 2.239, TC_loss: 1.953
2025-03-08 10:02:40 [DEBUG]: con_loss: 2.695, RCA_loss: 2.130, TC_loss: 1.879
2025-03-08 10:02:41 [INFO]: Epoch 2 done. Loss: 6.180, Time per epoch: 1.077[s]
2025-03-08 10:02:41 [DEBUG]: con_loss: 2.727, RCA_loss: 1.905, TC_loss: 1.831
2025-03-08 10:02:41 [DEBUG]: con_loss: 2.699, RCA_loss: 1.907, TC_loss: 1.862
2025-03-08 10:02:42 [INFO]: Epoch 3 done. Loss: 6.005, Time per epoch: 1.095[s]
2025-03-08 10:02:42 [DEBUG]: con_loss: 2.727, RCA_loss: 1.724, TC_loss: 1.817
2025-03-08 10:02:42 [DEBUG]: con_loss: 2.701, RCA_loss: 1.712, TC_loss: 1.847
2025-03-08 10:02:43 [INFO]: Epoch 4 done. Loss: 5.905, Time per epoch: 1.062[s]
2025-03-08 10:02:43 [DEBUG]: con_loss: 2.726, RCA_loss: 1.515, TC_loss: 1.784
2025-03-08 10:02:44 [DEBUG]: con_loss: 2.697, RCA_loss: 1.481, TC_loss: 1.754
2025-03-08 10:02:44 [INFO]: Epoch 5 done. Loss: 5.762, Time per epoch: 1.073[s]
2025-03-08 10:02:44 [DEBUG]: con_loss: 2.723, RCA_loss: 1.396, TC_loss: 1.717
2025-03-08 10:02:45 [DEBUG]: con_loss: 2.694, RCA_loss: 1.463, TC_loss: 1.714
2025-03-08 10:02:45 [INFO]: Epoch 6 done. Loss: 5.699, Time per epoch: 0.969[s]
2025-03-08 10:02:45 [DEBUG]: con_loss: 2.727, RCA_loss: 1.325, TC_loss: 1.636
2025-03-08 10:02:46 [DEBUG]: con_loss: 2.691, RCA_loss: 1.326, TC_loss: 1.640
2025-03-08 10:02:46 [INFO]: Epoch 7 done. Loss: 5.609, Time per epoch: 1.037[s]
2025-03-08 10:02:46 [DEBUG]: con_loss: 2.726, RCA_loss: 1.172, TC_loss: 1.634
2025-03-08 10:02:47 [DEBUG]: con_loss: 2.692, RCA_loss: 1.253, TC_loss: 1.607
2025-03-08 10:02:47 [INFO]: Epoch 8 done. Loss: 5.544, Time per epoch: 1.066[s]
2025-03-08 10:02:47 [DEBUG]: con_loss: 2.723, RCA_loss: 1.107, TC_loss: 1.618
2025-03-08 10:02:48 [DEBUG]: con_loss: 2.685, RCA_loss: 0.917, TC_loss: 1.557
2025-03-08 10:02:48 [INFO]: Epoch 9 done. Loss: 5.424, Time per epoch: 1.205[s]
2025-03-08 10:02:48 [DEBUG]: con_loss: 2.725, RCA_loss: 1.020, TC_loss: 1.594
2025-03-08 10:02:49 [DEBUG]: con_loss: 2.688, RCA_loss: 0.934, TC_loss: 1.524
2025-03-08 10:02:49 [INFO]: Epoch 10 done. Loss: 5.394, Time per epoch: 1.051[s]
2025-03-08 10:02:49 [DEBUG]: con_loss: 2.718, RCA_loss: 0.892, TC_loss: 1.505
2025-03-08 10:02:50 [DEBUG]: con_loss: 2.695, RCA_loss: 0.789, TC_loss: 1.502
2025-03-08 10:02:50 [INFO]: Epoch 11 done. Loss: 5.298, Time per epoch: 1.141[s]
2025-03-08 10:02:51 [DEBUG]: con_loss: 2.728, RCA_loss: 0.749, TC_loss: 1.464
2025-03-08 10:02:51 [DEBUG]: con_loss: 2.688, RCA_loss: 0.722, TC_loss: 1.462
2025-03-08 10:02:51 [INFO]: Epoch 12 done. Loss: 5.226, Time per epoch: 0.943[s]
2025-03-08 10:02:51 [DEBUG]: con_loss: 2.718, RCA_loss: 0.757, TC_loss: 1.420
2025-03-08 10:02:52 [DEBUG]: con_loss: 2.686, RCA_loss: 0.536, TC_loss: 1.365
2025-03-08 10:02:52 [INFO]: Epoch 13 done. Loss: 5.143, Time per epoch: 0.944[s]
2025-03-08 10:02:52 [DEBUG]: con_loss: 2.720, RCA_loss: 0.595, TC_loss: 1.337
2025-03-08 10:02:53 [DEBUG]: con_loss: 2.689, RCA_loss: 0.550, TC_loss: 1.332
2025-03-08 10:02:53 [INFO]: Epoch 14 done. Loss: 5.078, Time per epoch: 0.986[s]
2025-03-08 10:02:53 [DEBUG]: con_loss: 2.721, RCA_loss: 0.542, TC_loss: 1.309
2025-03-08 10:02:54 [DEBUG]: con_loss: 2.685, RCA_loss: 0.560, TC_loss: 1.377
2025-03-08 10:02:54 [INFO]: Epoch 15 done. Loss: 5.071, Time per epoch: 0.964[s]
2025-03-08 10:02:54 [DEBUG]: con_loss: 2.717, RCA_loss: 0.518, TC_loss: 1.309
2025-03-08 10:02:55 [DEBUG]: con_loss: 2.689, RCA_loss: 0.450, TC_loss: 1.215
2025-03-08 10:02:55 [INFO]: Epoch 16 done. Loss: 4.997, Time per epoch: 1.047[s]
2025-03-08 10:02:55 [DEBUG]: con_loss: 2.721, RCA_loss: 0.416, TC_loss: 1.215
2025-03-08 10:02:56 [DEBUG]: con_loss: 2.693, RCA_loss: 0.513, TC_loss: 1.257
2025-03-08 10:02:56 [INFO]: Epoch 17 done. Loss: 4.976, Time per epoch: 1.250[s]
2025-03-08 10:02:57 [DEBUG]: con_loss: 2.716, RCA_loss: 0.452, TC_loss: 1.231
2025-03-08 10:02:57 [DEBUG]: con_loss: 2.684, RCA_loss: 0.374, TC_loss: 1.171
2025-03-08 10:02:57 [INFO]: Epoch 18 done. Loss: 4.930, Time per epoch: 0.995[s]
2025-03-08 10:02:58 [DEBUG]: con_loss: 2.718, RCA_loss: 0.433, TC_loss: 1.190
2025-03-08 10:02:58 [DEBUG]: con_loss: 2.687, RCA_loss: 0.385, TC_loss: 1.174
2025-03-08 10:02:59 [INFO]: Epoch 19 done. Loss: 4.919, Time per epoch: 1.199[s]
2025-03-08 10:02:59 [DEBUG]: con_loss: 2.722, RCA_loss: 0.374, TC_loss: 1.160
2025-03-08 10:02:59 [DEBUG]: con_loss: 2.689, RCA_loss: 0.396, TC_loss: 1.091
2025-03-08 10:03:00 [INFO]: Epoch 20 done. Loss: 4.881, Time per epoch: 0.985[s]
2025-03-08 10:03:00 [DEBUG]: con_loss: 2.714, RCA_loss: 0.347, TC_loss: 1.152
2025-03-08 10:03:00 [DEBUG]: con_loss: 2.688, RCA_loss: 0.282, TC_loss: 1.035
2025-03-08 10:03:01 [INFO]: Epoch 21 done. Loss: 4.827, Time per epoch: 1.111[s]
2025-03-08 10:03:01 [DEBUG]: con_loss: 2.715, RCA_loss: 0.338, TC_loss: 1.076
2025-03-08 10:03:02 [DEBUG]: con_loss: 2.677, RCA_loss: 0.247, TC_loss: 1.051
2025-03-08 10:03:02 [INFO]: Epoch 22 done. Loss: 4.799, Time per epoch: 1.053[s]
2025-03-08 10:03:02 [DEBUG]: con_loss: 2.715, RCA_loss: 0.326, TC_loss: 1.013
2025-03-08 10:03:03 [DEBUG]: con_loss: 2.683, RCA_loss: 0.301, TC_loss: 1.030
2025-03-08 10:03:03 [INFO]: Epoch 23 done. Loss: 4.789, Time per epoch: 1.011[s]
2025-03-08 10:03:03 [DEBUG]: con_loss: 2.707, RCA_loss: 0.305, TC_loss: 0.929
2025-03-08 10:03:04 [DEBUG]: con_loss: 2.680, RCA_loss: 0.216, TC_loss: 0.946
2025-03-08 10:03:04 [INFO]: Epoch 24 done. Loss: 4.718, Time per epoch: 0.978[s]
2025-03-08 10:03:04 [DEBUG]: con_loss: 2.713, RCA_loss: 0.300, TC_loss: 0.917
2025-03-08 10:03:04 [DEBUG]: con_loss: 2.685, RCA_loss: 0.292, TC_loss: 0.972
2025-03-08 10:03:05 [INFO]: Epoch 25 done. Loss: 4.742, Time per epoch: 0.989[s]
2025-03-08 10:03:05 [DEBUG]: con_loss: 2.714, RCA_loss: 0.271, TC_loss: 0.949
2025-03-08 10:03:06 [DEBUG]: con_loss: 2.687, RCA_loss: 0.231, TC_loss: 0.924
2025-03-08 10:03:06 [INFO]: Epoch 26 done. Loss: 4.717, Time per epoch: 1.095[s]
2025-03-08 10:03:06 [DEBUG]: con_loss: 2.718, RCA_loss: 0.238, TC_loss: 0.878
2025-03-08 10:03:07 [DEBUG]: con_loss: 2.690, RCA_loss: 0.219, TC_loss: 0.900
2025-03-08 10:03:07 [INFO]: Epoch 27 done. Loss: 4.683, Time per epoch: 1.026[s]
2025-03-08 10:03:07 [DEBUG]: con_loss: 2.706, RCA_loss: 0.241, TC_loss: 0.833
2025-03-08 10:03:08 [DEBUG]: con_loss: 2.685, RCA_loss: 0.213, TC_loss: 0.892
2025-03-08 10:03:08 [INFO]: Epoch 28 done. Loss: 4.665, Time per epoch: 1.137[s]
2025-03-08 10:03:09 [DEBUG]: con_loss: 2.706, RCA_loss: 0.261, TC_loss: 0.886
2025-03-08 10:03:09 [DEBUG]: con_loss: 2.683, RCA_loss: 0.228, TC_loss: 0.776
2025-03-08 10:03:09 [INFO]: Epoch 29 done. Loss: 4.657, Time per epoch: 1.331[s]
2025-03-08 10:03:10 [DEBUG]: con_loss: 2.710, RCA_loss: 0.229, TC_loss: 0.862
2025-03-08 10:03:10 [DEBUG]: con_loss: 2.678, RCA_loss: 0.158, TC_loss: 0.814
2025-03-08 10:03:11 [INFO]: Epoch 30 done. Loss: 4.635, Time per epoch: 1.169[s]
2025-03-08 10:03:11 [DEBUG]: con_loss: 2.713, RCA_loss: 0.169, TC_loss: 0.763
2025-03-08 10:03:11 [DEBUG]: con_loss: 2.676, RCA_loss: 0.165, TC_loss: 0.764
2025-03-08 10:03:12 [INFO]: Epoch 31 done. Loss: 4.585, Time per epoch: 1.065[s]
2025-03-08 10:03:12 [DEBUG]: con_loss: 2.711, RCA_loss: 0.190, TC_loss: 0.727
2025-03-08 10:03:12 [DEBUG]: con_loss: 2.682, RCA_loss: 0.154, TC_loss: 0.746
2025-03-08 10:03:13 [INFO]: Epoch 32 done. Loss: 4.575, Time per epoch: 0.900[s]
2025-03-08 10:03:13 [DEBUG]: con_loss: 2.707, RCA_loss: 0.146, TC_loss: 0.688
2025-03-08 10:03:13 [DEBUG]: con_loss: 2.680, RCA_loss: 0.188, TC_loss: 0.687
2025-03-08 10:03:14 [INFO]: Epoch 33 done. Loss: 4.547, Time per epoch: 1.013[s]
2025-03-08 10:03:14 [DEBUG]: con_loss: 2.713, RCA_loss: 0.194, TC_loss: 0.698
2025-03-08 10:03:14 [DEBUG]: con_loss: 2.677, RCA_loss: 0.125, TC_loss: 0.652
2025-03-08 10:03:15 [INFO]: Epoch 34 done. Loss: 4.537, Time per epoch: 0.992[s]
2025-03-08 10:03:15 [DEBUG]: con_loss: 2.709, RCA_loss: 0.165, TC_loss: 0.606
2025-03-08 10:03:15 [DEBUG]: con_loss: 2.677, RCA_loss: 0.171, TC_loss: 0.648
2025-03-08 10:03:15 [INFO]: Epoch 35 done. Loss: 4.517, Time per epoch: 0.961[s]
2025-03-08 10:03:16 [DEBUG]: con_loss: 2.707, RCA_loss: 0.160, TC_loss: 0.704
2025-03-08 10:03:16 [DEBUG]: con_loss: 2.676, RCA_loss: 0.203, TC_loss: 0.599
2025-03-08 10:03:17 [INFO]: Epoch 36 done. Loss: 4.535, Time per epoch: 1.064[s]
2025-03-08 10:03:17 [DEBUG]: con_loss: 2.710, RCA_loss: 0.200, TC_loss: 0.613
2025-03-08 10:03:17 [DEBUG]: con_loss: 2.668, RCA_loss: 0.145, TC_loss: 0.663
2025-03-08 10:03:18 [INFO]: Epoch 37 done. Loss: 4.522, Time per epoch: 0.976[s]
2025-03-08 10:03:18 [DEBUG]: con_loss: 2.704, RCA_loss: 0.112, TC_loss: 0.551
2025-03-08 10:03:18 [DEBUG]: con_loss: 2.683, RCA_loss: 0.135, TC_loss: 0.646
2025-03-08 10:03:18 [INFO]: Epoch 38 done. Loss: 4.480, Time per epoch: 0.910[s]
2025-03-08 10:03:19 [DEBUG]: con_loss: 2.709, RCA_loss: 0.135, TC_loss: 0.618
2025-03-08 10:03:19 [DEBUG]: con_loss: 2.677, RCA_loss: 0.120, TC_loss: 0.529
2025-03-08 10:03:20 [INFO]: Epoch 39 done. Loss: 4.470, Time per epoch: 1.232[s]
2025-03-08 10:03:20 [DEBUG]: con_loss: 2.713, RCA_loss: 0.116, TC_loss: 0.549
2025-03-08 10:03:21 [DEBUG]: con_loss: 2.677, RCA_loss: 0.132, TC_loss: 0.594
2025-03-08 10:03:21 [INFO]: Epoch 40 done. Loss: 4.467, Time per epoch: 1.152[s]
2025-03-08 10:03:21 [DEBUG]: con_loss: 2.709, RCA_loss: 0.140, TC_loss: 0.564
2025-03-08 10:03:22 [DEBUG]: con_loss: 2.671, RCA_loss: 0.139, TC_loss: 0.474
2025-03-08 10:03:22 [INFO]: Epoch 41 done. Loss: 4.447, Time per epoch: 1.015[s]
2025-03-08 10:03:22 [DEBUG]: con_loss: 2.710, RCA_loss: 0.124, TC_loss: 0.528
2025-03-08 10:03:23 [DEBUG]: con_loss: 2.669, RCA_loss: 0.068, TC_loss: 0.505
2025-03-08 10:03:23 [INFO]: Epoch 42 done. Loss: 4.423, Time per epoch: 0.981[s]
2025-03-08 10:03:23 [DEBUG]: con_loss: 2.711, RCA_loss: 0.210, TC_loss: 0.556
2025-03-08 10:03:24 [DEBUG]: con_loss: 2.674, RCA_loss: 0.107, TC_loss: 0.434
2025-03-08 10:03:24 [INFO]: Epoch 43 done. Loss: 4.446, Time per epoch: 1.016[s]
2025-03-08 10:03:24 [DEBUG]: con_loss: 2.710, RCA_loss: 0.121, TC_loss: 0.507
2025-03-08 10:03:25 [DEBUG]: con_loss: 2.671, RCA_loss: 0.091, TC_loss: 0.428
2025-03-08 10:03:25 [INFO]: Epoch 44 done. Loss: 4.405, Time per epoch: 0.929[s]
2025-03-08 10:03:25 [DEBUG]: con_loss: 2.704, RCA_loss: 0.132, TC_loss: 0.417
2025-03-08 10:03:26 [DEBUG]: con_loss: 2.678, RCA_loss: 0.084, TC_loss: 0.428
2025-03-08 10:03:26 [INFO]: Epoch 45 done. Loss: 4.383, Time per epoch: 1.058[s]
2025-03-08 10:03:26 [DEBUG]: con_loss: 2.702, RCA_loss: 0.085, TC_loss: 0.408
2025-03-08 10:03:27 [DEBUG]: con_loss: 2.674, RCA_loss: 0.105, TC_loss: 0.422
2025-03-08 10:03:27 [INFO]: Epoch 46 done. Loss: 4.372, Time per epoch: 1.114[s]
2025-03-08 10:03:27 [DEBUG]: con_loss: 2.702, RCA_loss: 0.125, TC_loss: 0.409
2025-03-08 10:03:28 [DEBUG]: con_loss: 2.669, RCA_loss: 0.111, TC_loss: 0.351
2025-03-08 10:03:28 [INFO]: Epoch 47 done. Loss: 4.364, Time per epoch: 1.075[s]
2025-03-08 10:03:28 [DEBUG]: con_loss: 2.699, RCA_loss: 0.080, TC_loss: 0.469
2025-03-08 10:03:29 [DEBUG]: con_loss: 2.667, RCA_loss: 0.069, TC_loss: 0.353
2025-03-08 10:03:29 [INFO]: Epoch 48 done. Loss: 4.357, Time per epoch: 0.976[s]
2025-03-08 10:03:29 [DEBUG]: con_loss: 2.707, RCA_loss: 0.113, TC_loss: 0.347
2025-03-08 10:03:30 [DEBUG]: con_loss: 2.673, RCA_loss: 0.098, TC_loss: 0.386
2025-03-08 10:03:30 [INFO]: Epoch 49 done. Loss: 4.354, Time per epoch: 1.176[s]
2025-03-08 10:03:30 [DEBUG]: con_loss: 2.699, RCA_loss: 0.076, TC_loss: 0.339
2025-03-08 10:03:31 [DEBUG]: con_loss: 2.674, RCA_loss: 0.113, TC_loss: 0.409
2025-03-08 10:03:31 [INFO]: Epoch 50 done. Loss: 4.350, Time per epoch: 0.911[s]
2025-03-08 10:03:31 [DEBUG]: con_loss: 2.708, RCA_loss: 0.075, TC_loss: 0.344
2025-03-08 10:03:32 [DEBUG]: con_loss: 2.667, RCA_loss: 0.082, TC_loss: 0.327
2025-03-08 10:03:32 [INFO]: Epoch 51 done. Loss: 4.323, Time per epoch: 1.061[s]
2025-03-08 10:03:32 [DEBUG]: con_loss: 2.698, RCA_loss: 0.078, TC_loss: 0.289
2025-03-08 10:03:33 [DEBUG]: con_loss: 2.668, RCA_loss: 0.112, TC_loss: 0.297
2025-03-08 10:03:33 [INFO]: Epoch 52 done. Loss: 4.308, Time per epoch: 1.047[s]
2025-03-08 10:03:33 [DEBUG]: con_loss: 2.701, RCA_loss: 0.095, TC_loss: 0.306
2025-03-08 10:03:34 [DEBUG]: con_loss: 2.670, RCA_loss: 0.115, TC_loss: 0.338
2025-03-08 10:03:34 [INFO]: Epoch 53 done. Loss: 4.329, Time per epoch: 1.114[s]
2025-03-08 10:03:35 [DEBUG]: con_loss: 2.700, RCA_loss: 0.088, TC_loss: 0.348
2025-03-08 10:03:35 [DEBUG]: con_loss: 2.669, RCA_loss: 0.100, TC_loss: 0.292
2025-03-08 10:03:35 [INFO]: Epoch 54 done. Loss: 4.322, Time per epoch: 1.071[s]
2025-03-08 10:03:36 [DEBUG]: con_loss: 2.706, RCA_loss: 0.070, TC_loss: 0.330
2025-03-08 10:03:36 [DEBUG]: con_loss: 2.666, RCA_loss: 0.069, TC_loss: 0.270
2025-03-08 10:03:36 [INFO]: Epoch 55 done. Loss: 4.300, Time per epoch: 1.012[s]
2025-03-08 10:03:37 [DEBUG]: con_loss: 2.706, RCA_loss: 0.070, TC_loss: 0.291
2025-03-08 10:03:37 [DEBUG]: con_loss: 2.672, RCA_loss: 0.083, TC_loss: 0.288
2025-03-08 10:03:37 [INFO]: Epoch 56 done. Loss: 4.300, Time per epoch: 1.063[s]
2025-03-08 10:03:38 [DEBUG]: con_loss: 2.704, RCA_loss: 0.092, TC_loss: 0.292
2025-03-08 10:03:38 [DEBUG]: con_loss: 2.667, RCA_loss: 0.065, TC_loss: 0.278
2025-03-08 10:03:38 [INFO]: Epoch 57 done. Loss: 4.297, Time per epoch: 1.024[s]
2025-03-08 10:03:39 [DEBUG]: con_loss: 2.702, RCA_loss: 0.069, TC_loss: 0.270
2025-03-08 10:03:39 [DEBUG]: con_loss: 2.669, RCA_loss: 0.074, TC_loss: 0.235
2025-03-08 10:03:40 [INFO]: Epoch 58 done. Loss: 4.277, Time per epoch: 1.018[s]
2025-03-08 10:03:40 [DEBUG]: con_loss: 2.700, RCA_loss: 0.072, TC_loss: 0.230
2025-03-08 10:03:40 [DEBUG]: con_loss: 2.668, RCA_loss: 0.036, TC_loss: 0.227
2025-03-08 10:03:41 [INFO]: Epoch 59 done. Loss: 4.256, Time per epoch: 1.291[s]
2025-03-08 10:03:41 [DEBUG]: con_loss: 2.705, RCA_loss: 0.065, TC_loss: 0.230
2025-03-08 10:03:42 [DEBUG]: con_loss: 2.667, RCA_loss: 0.060, TC_loss: 0.240
2025-03-08 10:03:42 [INFO]: Epoch 60 done. Loss: 4.264, Time per epoch: 1.108[s]
2025-03-08 10:03:42 [DEBUG]: con_loss: 2.699, RCA_loss: 0.051, TC_loss: 0.236
2025-03-08 10:03:43 [DEBUG]: con_loss: 2.665, RCA_loss: 0.052, TC_loss: 0.242
2025-03-08 10:03:43 [INFO]: Epoch 61 done. Loss: 4.259, Time per epoch: 1.085[s]
2025-03-08 10:03:43 [DEBUG]: con_loss: 2.696, RCA_loss: 0.044, TC_loss: 0.228
2025-03-08 10:03:44 [DEBUG]: con_loss: 2.666, RCA_loss: 0.048, TC_loss: 0.199
2025-03-08 10:03:44 [INFO]: Epoch 62 done. Loss: 4.243, Time per epoch: 1.110[s]
2025-03-08 10:03:44 [DEBUG]: con_loss: 2.697, RCA_loss: 0.044, TC_loss: 0.213
2025-03-08 10:03:45 [DEBUG]: con_loss: 2.667, RCA_loss: 0.056, TC_loss: 0.241
2025-03-08 10:03:45 [INFO]: Epoch 63 done. Loss: 4.252, Time per epoch: 0.917[s]
2025-03-08 10:03:45 [DEBUG]: con_loss: 2.699, RCA_loss: 0.023, TC_loss: 0.228
2025-03-08 10:03:46 [DEBUG]: con_loss: 2.667, RCA_loss: 0.067, TC_loss: 0.181
2025-03-08 10:03:46 [INFO]: Epoch 64 done. Loss: 4.239, Time per epoch: 1.006[s]
2025-03-08 10:03:46 [DEBUG]: con_loss: 2.694, RCA_loss: 0.032, TC_loss: 0.188
2025-03-08 10:03:47 [DEBUG]: con_loss: 2.663, RCA_loss: 0.050, TC_loss: 0.133
2025-03-08 10:03:47 [INFO]: Epoch 65 done. Loss: 4.213, Time per epoch: 1.131[s]
2025-03-08 10:03:47 [DEBUG]: con_loss: 2.693, RCA_loss: 0.072, TC_loss: 0.178
2025-03-08 10:03:48 [DEBUG]: con_loss: 2.664, RCA_loss: 0.046, TC_loss: 0.202
2025-03-08 10:03:48 [INFO]: Epoch 66 done. Loss: 4.236, Time per epoch: 0.973[s]
2025-03-08 10:03:48 [DEBUG]: con_loss: 2.698, RCA_loss: 0.049, TC_loss: 0.188
2025-03-08 10:03:49 [DEBUG]: con_loss: 2.664, RCA_loss: 0.043, TC_loss: 0.179
2025-03-08 10:03:49 [INFO]: Epoch 67 done. Loss: 4.228, Time per epoch: 1.136[s]
2025-03-08 10:03:50 [DEBUG]: con_loss: 2.702, RCA_loss: 0.038, TC_loss: 0.168
2025-03-08 10:03:50 [DEBUG]: con_loss: 2.664, RCA_loss: 0.034, TC_loss: 0.177
2025-03-08 10:03:50 [INFO]: Epoch 68 done. Loss: 4.218, Time per epoch: 1.016[s]
2025-03-08 10:03:51 [DEBUG]: con_loss: 2.695, RCA_loss: 0.027, TC_loss: 0.178
2025-03-08 10:03:51 [DEBUG]: con_loss: 2.660, RCA_loss: 0.049, TC_loss: 0.144
2025-03-08 10:03:52 [INFO]: Epoch 69 done. Loss: 4.211, Time per epoch: 1.234[s]
2025-03-08 10:03:52 [DEBUG]: con_loss: 2.706, RCA_loss: 0.054, TC_loss: 0.148
2025-03-08 10:03:52 [DEBUG]: con_loss: 2.657, RCA_loss: 0.044, TC_loss: 0.133
2025-03-08 10:03:53 [INFO]: Epoch 70 done. Loss: 4.208, Time per epoch: 1.038[s]
2025-03-08 10:03:53 [DEBUG]: con_loss: 2.686, RCA_loss: 0.025, TC_loss: 0.143
2025-03-08 10:03:53 [DEBUG]: con_loss: 2.666, RCA_loss: 0.064, TC_loss: 0.169
2025-03-08 10:03:54 [INFO]: Epoch 71 done. Loss: 4.211, Time per epoch: 1.002[s]
2025-03-08 10:03:54 [DEBUG]: con_loss: 2.700, RCA_loss: 0.046, TC_loss: 0.149
2025-03-08 10:03:54 [DEBUG]: con_loss: 2.657, RCA_loss: 0.040, TC_loss: 0.122
2025-03-08 10:03:55 [INFO]: Epoch 72 done. Loss: 4.201, Time per epoch: 0.982[s]
2025-03-08 10:03:55 [DEBUG]: con_loss: 2.697, RCA_loss: 0.065, TC_loss: 0.130
2025-03-08 10:03:55 [DEBUG]: con_loss: 2.659, RCA_loss: 0.029, TC_loss: 0.109
2025-03-08 10:03:56 [INFO]: Epoch 73 done. Loss: 4.195, Time per epoch: 0.961[s]
2025-03-08 10:03:56 [DEBUG]: con_loss: 2.695, RCA_loss: 0.024, TC_loss: 0.123
2025-03-08 10:03:56 [DEBUG]: con_loss: 2.654, RCA_loss: 0.056, TC_loss: 0.153
2025-03-08 10:03:57 [INFO]: Epoch 74 done. Loss: 4.199, Time per epoch: 0.987[s]
2025-03-08 10:03:57 [DEBUG]: con_loss: 2.695, RCA_loss: 0.026, TC_loss: 0.118
2025-03-08 10:03:57 [DEBUG]: con_loss: 2.659, RCA_loss: 0.046, TC_loss: 0.111
2025-03-08 10:03:57 [INFO]: Epoch 75 done. Loss: 4.186, Time per epoch: 0.958[s]
2025-03-08 10:03:58 [DEBUG]: con_loss: 2.689, RCA_loss: 0.045, TC_loss: 0.128
2025-03-08 10:03:58 [DEBUG]: con_loss: 2.658, RCA_loss: 0.039, TC_loss: 0.109
2025-03-08 10:03:58 [INFO]: Epoch 76 done. Loss: 4.190, Time per epoch: 0.921[s]
2025-03-08 10:03:59 [DEBUG]: con_loss: 2.696, RCA_loss: 0.028, TC_loss: 0.117
2025-03-08 10:03:59 [DEBUG]: con_loss: 2.662, RCA_loss: 0.030, TC_loss: 0.090
2025-03-08 10:03:59 [INFO]: Epoch 77 done. Loss: 4.178, Time per epoch: 0.944[s]
2025-03-08 10:04:00 [DEBUG]: con_loss: 2.694, RCA_loss: 0.014, TC_loss: 0.099
2025-03-08 10:04:00 [DEBUG]: con_loss: 2.652, RCA_loss: 0.053, TC_loss: 0.099
2025-03-08 10:04:00 [INFO]: Epoch 78 done. Loss: 4.175, Time per epoch: 1.018[s]
2025-03-08 10:04:01 [DEBUG]: con_loss: 2.694, RCA_loss: 0.030, TC_loss: 0.084
2025-03-08 10:04:01 [DEBUG]: con_loss: 2.655, RCA_loss: 0.052, TC_loss: 0.099
2025-03-08 10:04:02 [INFO]: Epoch 79 done. Loss: 4.176, Time per epoch: 1.253[s]
2025-03-08 10:04:02 [DEBUG]: con_loss: 2.693, RCA_loss: 0.019, TC_loss: 0.116
2025-03-08 10:04:03 [DEBUG]: con_loss: 2.653, RCA_loss: 0.025, TC_loss: 0.116
2025-03-08 10:04:03 [INFO]: Epoch 80 done. Loss: 4.178, Time per epoch: 1.139[s]
2025-03-08 10:04:03 [DEBUG]: con_loss: 2.689, RCA_loss: 0.026, TC_loss: 0.078
2025-03-08 10:04:03 [DEBUG]: con_loss: 2.662, RCA_loss: 0.026, TC_loss: 0.126
2025-03-08 10:04:04 [INFO]: Epoch 81 done. Loss: 4.174, Time per epoch: 0.974[s]
2025-03-08 10:04:04 [DEBUG]: con_loss: 2.688, RCA_loss: 0.024, TC_loss: 0.097
2025-03-08 10:04:04 [DEBUG]: con_loss: 2.661, RCA_loss: 0.028, TC_loss: 0.087
2025-03-08 10:04:05 [INFO]: Epoch 82 done. Loss: 4.169, Time per epoch: 1.035[s]
2025-03-08 10:04:05 [DEBUG]: con_loss: 2.682, RCA_loss: 0.014, TC_loss: 0.132
2025-03-08 10:04:06 [DEBUG]: con_loss: 2.656, RCA_loss: 0.025, TC_loss: 0.080
2025-03-08 10:04:06 [INFO]: Epoch 83 done. Loss: 4.170, Time per epoch: 1.130[s]
2025-03-08 10:04:06 [DEBUG]: con_loss: 2.687, RCA_loss: 0.024, TC_loss: 0.079
2025-03-08 10:04:07 [DEBUG]: con_loss: 2.650, RCA_loss: 0.026, TC_loss: 0.083
2025-03-08 10:04:07 [INFO]: Epoch 84 done. Loss: 4.160, Time per epoch: 1.112[s]
2025-03-08 10:04:07 [DEBUG]: con_loss: 2.680, RCA_loss: 0.031, TC_loss: 0.077
2025-03-08 10:04:08 [DEBUG]: con_loss: 2.652, RCA_loss: 0.022, TC_loss: 0.080
2025-03-08 10:04:08 [INFO]: Epoch 85 done. Loss: 4.158, Time per epoch: 1.030[s]
2025-03-08 10:04:08 [DEBUG]: con_loss: 2.681, RCA_loss: 0.020, TC_loss: 0.098
2025-03-08 10:04:09 [DEBUG]: con_loss: 2.648, RCA_loss: 0.020, TC_loss: 0.087
2025-03-08 10:04:09 [INFO]: Epoch 86 done. Loss: 4.161, Time per epoch: 0.965[s]
2025-03-08 10:04:09 [DEBUG]: con_loss: 2.683, RCA_loss: 0.020, TC_loss: 0.091
2025-03-08 10:04:10 [DEBUG]: con_loss: 2.648, RCA_loss: 0.008, TC_loss: 0.078
2025-03-08 10:04:10 [INFO]: Epoch 87 done. Loss: 4.154, Time per epoch: 0.990[s]
2025-03-08 10:04:10 [DEBUG]: con_loss: 2.689, RCA_loss: 0.031, TC_loss: 0.075
2025-03-08 10:04:11 [DEBUG]: con_loss: 2.651, RCA_loss: 0.017, TC_loss: 0.078
2025-03-08 10:04:11 [INFO]: Epoch 88 done. Loss: 4.158, Time per epoch: 1.015[s]
2025-03-08 10:04:11 [DEBUG]: con_loss: 2.684, RCA_loss: 0.016, TC_loss: 0.085
2025-03-08 10:04:12 [DEBUG]: con_loss: 2.650, RCA_loss: 0.017, TC_loss: 0.093
2025-03-08 10:04:12 [INFO]: Epoch 89 done. Loss: 4.159, Time per epoch: 1.291[s]
2025-03-08 10:04:13 [DEBUG]: con_loss: 2.677, RCA_loss: 0.019, TC_loss: 0.062
2025-03-08 10:04:13 [DEBUG]: con_loss: 2.656, RCA_loss: 0.017, TC_loss: 0.070
2025-03-08 10:04:13 [INFO]: Epoch 90 done. Loss: 4.148, Time per epoch: 1.022[s]
2025-03-08 10:04:14 [DEBUG]: con_loss: 2.692, RCA_loss: 0.018, TC_loss: 0.068
2025-03-08 10:04:14 [DEBUG]: con_loss: 2.644, RCA_loss: 0.009, TC_loss: 0.073
2025-03-08 10:04:14 [INFO]: Epoch 91 done. Loss: 4.148, Time per epoch: 1.087[s]
2025-03-08 10:04:15 [DEBUG]: con_loss: 2.681, RCA_loss: 0.015, TC_loss: 0.074
2025-03-08 10:04:15 [DEBUG]: con_loss: 2.653, RCA_loss: 0.022, TC_loss: 0.069
2025-03-08 10:04:15 [INFO]: Epoch 92 done. Loss: 4.151, Time per epoch: 0.987[s]
2025-03-08 10:04:16 [DEBUG]: con_loss: 2.686, RCA_loss: 0.008, TC_loss: 0.083
2025-03-08 10:04:16 [DEBUG]: con_loss: 2.644, RCA_loss: 0.013, TC_loss: 0.074
2025-03-08 10:04:16 [INFO]: Epoch 93 done. Loss: 4.150, Time per epoch: 0.977[s]
2025-03-08 10:04:17 [DEBUG]: con_loss: 2.679, RCA_loss: 0.024, TC_loss: 0.079
2025-03-08 10:04:17 [DEBUG]: con_loss: 2.639, RCA_loss: 0.013, TC_loss: 0.056
2025-03-08 10:04:17 [INFO]: Epoch 94 done. Loss: 4.145, Time per epoch: 1.029[s]
2025-03-08 10:04:18 [DEBUG]: con_loss: 2.681, RCA_loss: 0.017, TC_loss: 0.080
2025-03-08 10:04:18 [DEBUG]: con_loss: 2.645, RCA_loss: 0.020, TC_loss: 0.067
2025-03-08 10:04:18 [INFO]: Epoch 95 done. Loss: 4.150, Time per epoch: 0.940[s]
2025-03-08 10:04:19 [DEBUG]: con_loss: 2.684, RCA_loss: 0.011, TC_loss: 0.057
2025-03-08 10:04:19 [DEBUG]: con_loss: 2.653, RCA_loss: 0.035, TC_loss: 0.078
2025-03-08 10:04:19 [INFO]: Epoch 96 done. Loss: 4.152, Time per epoch: 1.071[s]
2025-03-08 10:04:20 [DEBUG]: con_loss: 2.674, RCA_loss: 0.006, TC_loss: 0.073
2025-03-08 10:04:20 [DEBUG]: con_loss: 2.645, RCA_loss: 0.012, TC_loss: 0.066
2025-03-08 10:04:20 [INFO]: Epoch 97 done. Loss: 4.142, Time per epoch: 1.033[s]
2025-03-08 10:04:21 [DEBUG]: con_loss: 2.678, RCA_loss: 0.009, TC_loss: 0.060
2025-03-08 10:04:21 [DEBUG]: con_loss: 2.644, RCA_loss: 0.013, TC_loss: 0.054
2025-03-08 10:04:21 [INFO]: Epoch 98 done. Loss: 4.137, Time per epoch: 0.984[s]
2025-03-08 10:04:22 [DEBUG]: con_loss: 2.675, RCA_loss: 0.010, TC_loss: 0.071
2025-03-08 10:04:22 [DEBUG]: con_loss: 2.641, RCA_loss: 0.012, TC_loss: 0.057
2025-03-08 10:04:23 [INFO]: Epoch 99 done. Loss: 4.139, Time per epoch: 1.281[s]
2025-03-08 10:04:23 [DEBUG]: con_loss: 2.685, RCA_loss: 0.014, TC_loss: 0.100
2025-03-08 10:04:23 [DEBUG]: con_loss: 2.641, RCA_loss: 0.009, TC_loss: 0.045
2025-03-08 10:04:24 [INFO]: Epoch 100 done. Loss: 4.146, Time per epoch: 0.976[s]
2025-03-08 10:04:24 [DEBUG]: con_loss: 2.672, RCA_loss: 0.006, TC_loss: 0.048
2025-03-08 10:04:24 [DEBUG]: con_loss: 2.634, RCA_loss: 0.019, TC_loss: 0.064
2025-03-08 10:04:25 [INFO]: Epoch 101 done. Loss: 4.133, Time per epoch: 0.955[s]
2025-03-08 10:04:25 [DEBUG]: con_loss: 2.679, RCA_loss: 0.013, TC_loss: 0.067
2025-03-08 10:04:25 [DEBUG]: con_loss: 2.638, RCA_loss: 0.010, TC_loss: 0.046
2025-03-08 10:04:26 [INFO]: Epoch 102 done. Loss: 4.136, Time per epoch: 0.889[s]
2025-03-08 10:04:26 [DEBUG]: con_loss: 2.669, RCA_loss: 0.009, TC_loss: 0.042
2025-03-08 10:04:26 [DEBUG]: con_loss: 2.640, RCA_loss: 0.012, TC_loss: 0.048
2025-03-08 10:04:27 [INFO]: Epoch 103 done. Loss: 4.128, Time per epoch: 0.980[s]
2025-03-08 10:04:27 [DEBUG]: con_loss: 2.667, RCA_loss: 0.015, TC_loss: 0.044
2025-03-08 10:04:27 [DEBUG]: con_loss: 2.646, RCA_loss: 0.020, TC_loss: 0.051
2025-03-08 10:04:28 [INFO]: Epoch 104 done. Loss: 4.133, Time per epoch: 1.018[s]
2025-03-08 10:04:28 [DEBUG]: con_loss: 2.675, RCA_loss: 0.013, TC_loss: 0.068
2025-03-08 10:04:28 [DEBUG]: con_loss: 2.643, RCA_loss: 0.009, TC_loss: 0.052
2025-03-08 10:04:29 [INFO]: Epoch 105 done. Loss: 4.138, Time per epoch: 0.969[s]
2025-03-08 10:04:29 [DEBUG]: con_loss: 2.673, RCA_loss: 0.010, TC_loss: 0.050
2025-03-08 10:04:29 [DEBUG]: con_loss: 2.645, RCA_loss: 0.019, TC_loss: 0.057
2025-03-08 10:04:30 [INFO]: Epoch 106 done. Loss: 4.136, Time per epoch: 0.981[s]
2025-03-08 10:04:30 [DEBUG]: con_loss: 2.673, RCA_loss: 0.012, TC_loss: 0.054
2025-03-08 10:04:30 [DEBUG]: con_loss: 2.634, RCA_loss: 0.013, TC_loss: 0.068
2025-03-08 10:04:31 [INFO]: Epoch 107 done. Loss: 4.136, Time per epoch: 0.995[s]
2025-03-08 10:04:31 [DEBUG]: con_loss: 2.676, RCA_loss: 0.009, TC_loss: 0.041
2025-03-08 10:04:31 [DEBUG]: con_loss: 2.631, RCA_loss: 0.008, TC_loss: 0.062
2025-03-08 10:04:31 [INFO]: Epoch 108 done. Loss: 4.129, Time per epoch: 0.956[s]
2025-03-08 10:04:32 [DEBUG]: con_loss: 2.670, RCA_loss: 0.011, TC_loss: 0.051
2025-03-08 10:04:32 [DEBUG]: con_loss: 2.643, RCA_loss: 0.016, TC_loss: 0.083
2025-03-08 10:04:33 [INFO]: Epoch 109 done. Loss: 4.141, Time per epoch: 1.234[s]
2025-03-08 10:04:33 [DEBUG]: con_loss: 2.664, RCA_loss: 0.024, TC_loss: 0.039
2025-03-08 10:04:34 [DEBUG]: con_loss: 2.630, RCA_loss: 0.009, TC_loss: 0.032
2025-03-08 10:04:34 [INFO]: Epoch 110 done. Loss: 4.122, Time per epoch: 1.067[s]
2025-03-08 10:04:34 [DEBUG]: con_loss: 2.679, RCA_loss: 0.022, TC_loss: 0.051
2025-03-08 10:04:35 [DEBUG]: con_loss: 2.632, RCA_loss: 0.008, TC_loss: 0.060
2025-03-08 10:04:35 [INFO]: Epoch 111 done. Loss: 4.135, Time per epoch: 1.109[s]
2025-03-08 10:04:35 [DEBUG]: con_loss: 2.668, RCA_loss: 0.011, TC_loss: 0.044
2025-03-08 10:04:36 [DEBUG]: con_loss: 2.637, RCA_loss: 0.011, TC_loss: 0.051
2025-03-08 10:04:36 [INFO]: Epoch 112 done. Loss: 4.128, Time per epoch: 0.965[s]
2025-03-08 10:04:36 [DEBUG]: con_loss: 2.662, RCA_loss: 0.004, TC_loss: 0.051
2025-03-08 10:04:37 [DEBUG]: con_loss: 2.628, RCA_loss: 0.019, TC_loss: 0.033
2025-03-08 10:04:37 [INFO]: Epoch 113 done. Loss: 4.122, Time per epoch: 0.984[s]
2025-03-08 10:04:37 [DEBUG]: con_loss: 2.671, RCA_loss: 0.007, TC_loss: 0.064
2025-03-08 10:04:38 [DEBUG]: con_loss: 2.627, RCA_loss: 0.010, TC_loss: 0.038
2025-03-08 10:04:38 [INFO]: Epoch 114 done. Loss: 4.127, Time per epoch: 0.974[s]
2025-03-08 10:04:38 [DEBUG]: con_loss: 2.664, RCA_loss: 0.012, TC_loss: 0.059
2025-03-08 10:04:38 [DEBUG]: con_loss: 2.629, RCA_loss: 0.007, TC_loss: 0.041
2025-03-08 10:04:39 [INFO]: Epoch 115 done. Loss: 4.126, Time per epoch: 0.922[s]
2025-03-08 10:04:39 [DEBUG]: con_loss: 2.659, RCA_loss: 0.005, TC_loss: 0.034
2025-03-08 10:04:40 [DEBUG]: con_loss: 2.629, RCA_loss: 0.008, TC_loss: 0.042
2025-03-08 10:04:40 [INFO]: Epoch 116 done. Loss: 4.117, Time per epoch: 1.029[s]
2025-03-08 10:04:40 [DEBUG]: con_loss: 2.657, RCA_loss: 0.009, TC_loss: 0.045
2025-03-08 10:04:41 [DEBUG]: con_loss: 2.630, RCA_loss: 0.007, TC_loss: 0.041
2025-03-08 10:04:41 [INFO]: Epoch 117 done. Loss: 4.120, Time per epoch: 1.024[s]
2025-03-08 10:04:41 [DEBUG]: con_loss: 2.649, RCA_loss: 0.010, TC_loss: 0.036
2025-03-08 10:04:42 [DEBUG]: con_loss: 2.635, RCA_loss: 0.007, TC_loss: 0.045
2025-03-08 10:04:42 [INFO]: Epoch 118 done. Loss: 4.118, Time per epoch: 1.072[s]
2025-03-08 10:04:42 [DEBUG]: con_loss: 2.653, RCA_loss: 0.017, TC_loss: 0.032
2025-03-08 10:04:43 [DEBUG]: con_loss: 2.621, RCA_loss: 0.006, TC_loss: 0.036
2025-03-08 10:04:43 [INFO]: Epoch 119 done. Loss: 4.114, Time per epoch: 1.187[s]
2025-03-08 10:04:43 [DEBUG]: con_loss: 2.656, RCA_loss: 0.006, TC_loss: 0.038
2025-03-08 10:04:44 [DEBUG]: con_loss: 2.626, RCA_loss: 0.008, TC_loss: 0.036
2025-03-08 10:04:44 [INFO]: Epoch 120 done. Loss: 4.115, Time per epoch: 0.969[s]
2025-03-08 10:04:44 [DEBUG]: con_loss: 2.658, RCA_loss: 0.007, TC_loss: 0.030
2025-03-08 10:04:45 [DEBUG]: con_loss: 2.628, RCA_loss: 0.006, TC_loss: 0.034
2025-03-08 10:04:45 [INFO]: Epoch 121 done. Loss: 4.114, Time per epoch: 0.910[s]
2025-03-08 10:04:45 [DEBUG]: con_loss: 2.661, RCA_loss: 0.005, TC_loss: 0.045
2025-03-08 10:04:46 [DEBUG]: con_loss: 2.620, RCA_loss: 0.006, TC_loss: 0.025
2025-03-08 10:04:46 [INFO]: Epoch 122 done. Loss: 4.113, Time per epoch: 0.947[s]
2025-03-08 10:04:46 [DEBUG]: con_loss: 2.662, RCA_loss: 0.005, TC_loss: 0.041
2025-03-08 10:04:47 [DEBUG]: con_loss: 2.612, RCA_loss: 0.014, TC_loss: 0.042
2025-03-08 10:04:47 [INFO]: Epoch 123 done. Loss: 4.117, Time per epoch: 1.108[s]
2025-03-08 10:04:47 [DEBUG]: con_loss: 2.654, RCA_loss: 0.014, TC_loss: 0.032
2025-03-08 10:04:48 [DEBUG]: con_loss: 2.611, RCA_loss: 0.004, TC_loss: 0.033
2025-03-08 10:04:48 [INFO]: Epoch 124 done. Loss: 4.109, Time per epoch: 0.994[s]
2025-03-08 10:04:48 [DEBUG]: con_loss: 2.657, RCA_loss: 0.010, TC_loss: 0.034
2025-03-08 10:04:49 [DEBUG]: con_loss: 2.619, RCA_loss: 0.014, TC_loss: 0.033
2025-03-08 10:04:49 [INFO]: Epoch 125 done. Loss: 4.114, Time per epoch: 0.983[s]
2025-03-08 10:04:49 [DEBUG]: con_loss: 2.659, RCA_loss: 0.009, TC_loss: 0.030
2025-03-08 10:04:50 [DEBUG]: con_loss: 2.628, RCA_loss: 0.004, TC_loss: 0.038
2025-03-08 10:04:50 [INFO]: Epoch 126 done. Loss: 4.115, Time per epoch: 1.005[s]
2025-03-08 10:04:50 [DEBUG]: con_loss: 2.653, RCA_loss: 0.009, TC_loss: 0.037
2025-03-08 10:04:51 [DEBUG]: con_loss: 2.622, RCA_loss: 0.006, TC_loss: 0.046
2025-03-08 10:04:51 [INFO]: Epoch 127 done. Loss: 4.116, Time per epoch: 0.928[s]
2025-03-08 10:04:51 [DEBUG]: con_loss: 2.642, RCA_loss: 0.004, TC_loss: 0.032
2025-03-08 10:04:52 [DEBUG]: con_loss: 2.614, RCA_loss: 0.016, TC_loss: 0.029
2025-03-08 10:04:52 [INFO]: Epoch 128 done. Loss: 4.107, Time per epoch: 0.963[s]
2025-03-08 10:04:52 [DEBUG]: con_loss: 2.644, RCA_loss: 0.008, TC_loss: 0.033
2025-03-08 10:04:53 [DEBUG]: con_loss: 2.617, RCA_loss: 0.004, TC_loss: 0.031
2025-03-08 10:04:53 [INFO]: Epoch 129 done. Loss: 4.107, Time per epoch: 1.299[s]
2025-03-08 10:04:53 [DEBUG]: con_loss: 2.647, RCA_loss: 0.011, TC_loss: 0.022
2025-03-08 10:04:54 [DEBUG]: con_loss: 2.616, RCA_loss: 0.004, TC_loss: 0.031
2025-03-08 10:04:54 [INFO]: Epoch 130 done. Loss: 4.105, Time per epoch: 1.007[s]
2025-03-08 10:04:54 [DEBUG]: con_loss: 2.653, RCA_loss: 0.006, TC_loss: 0.032
2025-03-08 10:04:55 [DEBUG]: con_loss: 2.610, RCA_loss: 0.004, TC_loss: 0.029
2025-03-08 10:04:55 [INFO]: Epoch 131 done. Loss: 4.106, Time per epoch: 0.970[s]
2025-03-08 10:04:55 [DEBUG]: con_loss: 2.644, RCA_loss: 0.003, TC_loss: 0.028
2025-03-08 10:04:56 [DEBUG]: con_loss: 2.617, RCA_loss: 0.007, TC_loss: 0.028
2025-03-08 10:04:56 [INFO]: Epoch 132 done. Loss: 4.104, Time per epoch: 1.029[s]
2025-03-08 10:04:56 [DEBUG]: con_loss: 2.644, RCA_loss: 0.006, TC_loss: 0.048
2025-03-08 10:04:57 [DEBUG]: con_loss: 2.606, RCA_loss: 0.004, TC_loss: 0.027
2025-03-08 10:04:57 [INFO]: Epoch 133 done. Loss: 4.106, Time per epoch: 1.117[s]
2025-03-08 10:04:58 [DEBUG]: con_loss: 2.638, RCA_loss: 0.004, TC_loss: 0.024
2025-03-08 10:04:58 [DEBUG]: con_loss: 2.603, RCA_loss: 0.003, TC_loss: 0.028
2025-03-08 10:04:58 [INFO]: Epoch 134 done. Loss: 4.098, Time per epoch: 1.098[s]
2025-03-08 10:04:59 [DEBUG]: con_loss: 2.646, RCA_loss: 0.010, TC_loss: 0.035
2025-03-08 10:04:59 [DEBUG]: con_loss: 2.625, RCA_loss: 0.003, TC_loss: 0.028
2025-03-08 10:04:59 [INFO]: Epoch 135 done. Loss: 4.109, Time per epoch: 1.061[s]
2025-03-08 10:05:00 [DEBUG]: con_loss: 2.639, RCA_loss: 0.004, TC_loss: 0.025
2025-03-08 10:05:00 [DEBUG]: con_loss: 2.617, RCA_loss: 0.004, TC_loss: 0.034
2025-03-08 10:05:00 [INFO]: Epoch 136 done. Loss: 4.103, Time per epoch: 1.003[s]
2025-03-08 10:05:01 [DEBUG]: con_loss: 2.650, RCA_loss: 0.010, TC_loss: 0.040
2025-03-08 10:05:01 [DEBUG]: con_loss: 2.607, RCA_loss: 0.004, TC_loss: 0.022
2025-03-08 10:05:01 [INFO]: Epoch 137 done. Loss: 4.106, Time per epoch: 0.956[s]
2025-03-08 10:05:02 [DEBUG]: con_loss: 2.637, RCA_loss: 0.003, TC_loss: 0.041
2025-03-08 10:05:02 [DEBUG]: con_loss: 2.606, RCA_loss: 0.012, TC_loss: 0.032
2025-03-08 10:05:02 [INFO]: Epoch 138 done. Loss: 4.105, Time per epoch: 1.011[s]
2025-03-08 10:05:03 [DEBUG]: con_loss: 2.626, RCA_loss: 0.004, TC_loss: 0.025
2025-03-08 10:05:03 [DEBUG]: con_loss: 2.613, RCA_loss: 0.004, TC_loss: 0.025
2025-03-08 10:05:04 [INFO]: Epoch 139 done. Loss: 4.097, Time per epoch: 1.218[s]
2025-03-08 10:05:04 [DEBUG]: con_loss: 2.633, RCA_loss: 0.006, TC_loss: 0.024
2025-03-08 10:05:04 [DEBUG]: con_loss: 2.598, RCA_loss: 0.002, TC_loss: 0.027
2025-03-08 10:05:05 [INFO]: Epoch 140 done. Loss: 4.095, Time per epoch: 0.947[s]
2025-03-08 10:05:05 [DEBUG]: con_loss: 2.648, RCA_loss: 0.008, TC_loss: 0.026
2025-03-08 10:05:05 [DEBUG]: con_loss: 2.601, RCA_loss: 0.006, TC_loss: 0.027
2025-03-08 10:05:06 [INFO]: Epoch 141 done. Loss: 4.101, Time per epoch: 0.998[s]
2025-03-08 10:05:06 [DEBUG]: con_loss: 2.633, RCA_loss: 0.002, TC_loss: 0.031
2025-03-08 10:05:06 [DEBUG]: con_loss: 2.609, RCA_loss: 0.004, TC_loss: 0.020
2025-03-08 10:05:07 [INFO]: Epoch 142 done. Loss: 4.097, Time per epoch: 1.004[s]
2025-03-08 10:05:07 [DEBUG]: con_loss: 2.642, RCA_loss: 0.003, TC_loss: 0.021
2025-03-08 10:05:07 [DEBUG]: con_loss: 2.605, RCA_loss: 0.004, TC_loss: 0.022
2025-03-08 10:05:08 [INFO]: Epoch 143 done. Loss: 4.097, Time per epoch: 1.003[s]
2025-03-08 10:05:08 [DEBUG]: con_loss: 2.634, RCA_loss: 0.008, TC_loss: 0.015
2025-03-08 10:05:08 [DEBUG]: con_loss: 2.606, RCA_loss: 0.003, TC_loss: 0.029
2025-03-08 10:05:09 [INFO]: Epoch 144 done. Loss: 4.097, Time per epoch: 0.956[s]
2025-03-08 10:05:09 [DEBUG]: con_loss: 2.629, RCA_loss: 0.002, TC_loss: 0.026
2025-03-08 10:05:09 [DEBUG]: con_loss: 2.597, RCA_loss: 0.003, TC_loss: 0.023
2025-03-08 10:05:10 [INFO]: Epoch 145 done. Loss: 4.093, Time per epoch: 0.984[s]
2025-03-08 10:05:10 [DEBUG]: con_loss: 2.636, RCA_loss: 0.004, TC_loss: 0.024
2025-03-08 10:05:10 [DEBUG]: con_loss: 2.589, RCA_loss: 0.003, TC_loss: 0.022
2025-03-08 10:05:11 [INFO]: Epoch 146 done. Loss: 4.092, Time per epoch: 1.000[s]
2025-03-08 10:05:11 [DEBUG]: con_loss: 2.623, RCA_loss: 0.007, TC_loss: 0.018
2025-03-08 10:05:11 [DEBUG]: con_loss: 2.604, RCA_loss: 0.004, TC_loss: 0.040
2025-03-08 10:05:11 [INFO]: Epoch 147 done. Loss: 4.097, Time per epoch: 0.879[s]
2025-03-08 10:05:12 [DEBUG]: con_loss: 2.635, RCA_loss: 0.004, TC_loss: 0.035
2025-03-08 10:05:12 [DEBUG]: con_loss: 2.604, RCA_loss: 0.004, TC_loss: 0.025
2025-03-08 10:05:12 [INFO]: Epoch 148 done. Loss: 4.099, Time per epoch: 0.999[s]
2025-03-08 10:05:13 [DEBUG]: con_loss: 2.620, RCA_loss: 0.003, TC_loss: 0.046
2025-03-08 10:05:14 [DEBUG]: con_loss: 2.583, RCA_loss: 0.002, TC_loss: 0.018
2025-03-08 10:05:14 [INFO]: Epoch 149 done. Loss: 4.090, Time per epoch: 1.331[s]
2025-03-08 10:05:14 [DEBUG]: con_loss: 2.622, RCA_loss: 0.004, TC_loss: 0.022
2025-03-08 10:05:14 [DEBUG]: con_loss: 2.586, RCA_loss: 0.003, TC_loss: 0.028
2025-03-08 10:05:15 [INFO]: Epoch 150 done. Loss: 4.089, Time per epoch: 0.969[s]
2025-03-08 10:05:15 [DEBUG]: con_loss: 2.621, RCA_loss: 0.003, TC_loss: 0.044
2025-03-08 10:05:15 [DEBUG]: con_loss: 2.586, RCA_loss: 0.006, TC_loss: 0.025
2025-03-08 10:05:16 [INFO]: Epoch 151 done. Loss: 4.094, Time per epoch: 0.997[s]
2025-03-08 10:05:16 [DEBUG]: con_loss: 2.623, RCA_loss: 0.003, TC_loss: 0.032
2025-03-08 10:05:16 [DEBUG]: con_loss: 2.589, RCA_loss: 0.003, TC_loss: 0.024
2025-03-08 10:05:17 [INFO]: Epoch 152 done. Loss: 4.091, Time per epoch: 1.008[s]
2025-03-08 10:05:17 [DEBUG]: con_loss: 2.623, RCA_loss: 0.007, TC_loss: 0.020
2025-03-08 10:05:17 [DEBUG]: con_loss: 2.601, RCA_loss: 0.012, TC_loss: 0.024
2025-03-08 10:05:18 [INFO]: Epoch 153 done. Loss: 4.094, Time per epoch: 0.967[s]
2025-03-08 10:05:18 [DEBUG]: con_loss: 2.623, RCA_loss: 0.004, TC_loss: 0.028
2025-03-08 10:05:18 [DEBUG]: con_loss: 2.583, RCA_loss: 0.003, TC_loss: 0.019
2025-03-08 10:05:19 [INFO]: Epoch 154 done. Loss: 4.087, Time per epoch: 1.031[s]
2025-03-08 10:05:19 [DEBUG]: con_loss: 2.607, RCA_loss: 0.008, TC_loss: 0.020
2025-03-08 10:05:20 [DEBUG]: con_loss: 2.585, RCA_loss: 0.005, TC_loss: 0.019
2025-03-08 10:05:20 [INFO]: Epoch 155 done. Loss: 4.084, Time per epoch: 1.025[s]
2025-03-08 10:05:20 [DEBUG]: con_loss: 2.612, RCA_loss: 0.003, TC_loss: 0.018
2025-03-08 10:05:21 [DEBUG]: con_loss: 2.580, RCA_loss: 0.006, TC_loss: 0.022
2025-03-08 10:05:21 [INFO]: Epoch 156 done. Loss: 4.083, Time per epoch: 1.061[s]
2025-03-08 10:05:21 [DEBUG]: con_loss: 2.612, RCA_loss: 0.005, TC_loss: 0.022
2025-03-08 10:05:22 [DEBUG]: con_loss: 2.600, RCA_loss: 0.008, TC_loss: 0.022
2025-03-08 10:05:22 [INFO]: Epoch 157 done. Loss: 4.089, Time per epoch: 1.157[s]
2025-03-08 10:05:22 [DEBUG]: con_loss: 2.611, RCA_loss: 0.007, TC_loss: 0.023
2025-03-08 10:05:23 [DEBUG]: con_loss: 2.569, RCA_loss: 0.002, TC_loss: 0.033
2025-03-08 10:05:23 [INFO]: Epoch 158 done. Loss: 4.084, Time per epoch: 1.043[s]
2025-03-08 10:05:23 [DEBUG]: con_loss: 2.614, RCA_loss: 0.003, TC_loss: 0.026
2025-03-08 10:05:24 [DEBUG]: con_loss: 2.581, RCA_loss: 0.003, TC_loss: 0.027
2025-03-08 10:05:24 [INFO]: Epoch 159 done. Loss: 4.086, Time per epoch: 1.244[s]
2025-03-08 10:05:25 [DEBUG]: con_loss: 2.611, RCA_loss: 0.003, TC_loss: 0.037
2025-03-08 10:05:25 [DEBUG]: con_loss: 2.571, RCA_loss: 0.003, TC_loss: 0.031
2025-03-08 10:05:25 [INFO]: Epoch 160 done. Loss: 4.087, Time per epoch: 1.040[s]
2025-03-08 10:05:26 [DEBUG]: con_loss: 2.615, RCA_loss: 0.005, TC_loss: 0.022
2025-03-08 10:05:26 [DEBUG]: con_loss: 2.576, RCA_loss: 0.003, TC_loss: 0.025
2025-03-08 10:05:26 [INFO]: Epoch 161 done. Loss: 4.084, Time per epoch: 1.000[s]
2025-03-08 10:05:27 [DEBUG]: con_loss: 2.600, RCA_loss: 0.001, TC_loss: 0.020
2025-03-08 10:05:27 [DEBUG]: con_loss: 2.584, RCA_loss: 0.003, TC_loss: 0.018
2025-03-08 10:05:27 [INFO]: Epoch 162 done. Loss: 4.079, Time per epoch: 1.060[s]
2025-03-08 10:05:28 [DEBUG]: con_loss: 2.620, RCA_loss: 0.004, TC_loss: 0.027
2025-03-08 10:05:28 [DEBUG]: con_loss: 2.564, RCA_loss: 0.002, TC_loss: 0.022
2025-03-08 10:05:28 [INFO]: Epoch 163 done. Loss: 4.082, Time per epoch: 1.025[s]
2025-03-08 10:05:29 [DEBUG]: con_loss: 2.613, RCA_loss: 0.004, TC_loss: 0.024
2025-03-08 10:05:29 [DEBUG]: con_loss: 2.572, RCA_loss: 0.002, TC_loss: 0.019
2025-03-08 10:05:30 [INFO]: Epoch 164 done. Loss: 4.081, Time per epoch: 1.079[s]
2025-03-08 10:05:30 [DEBUG]: con_loss: 2.599, RCA_loss: 0.003, TC_loss: 0.018
2025-03-08 10:05:30 [DEBUG]: con_loss: 2.559, RCA_loss: 0.002, TC_loss: 0.025
2025-03-08 10:05:31 [INFO]: Epoch 165 done. Loss: 4.074, Time per epoch: 1.035[s]
2025-03-08 10:05:31 [DEBUG]: con_loss: 2.616, RCA_loss: 0.008, TC_loss: 0.020
2025-03-08 10:05:31 [DEBUG]: con_loss: 2.567, RCA_loss: 0.005, TC_loss: 0.017
2025-03-08 10:05:32 [INFO]: Epoch 166 done. Loss: 4.081, Time per epoch: 1.110[s]
2025-03-08 10:05:32 [DEBUG]: con_loss: 2.597, RCA_loss: 0.003, TC_loss: 0.019
2025-03-08 10:05:33 [DEBUG]: con_loss: 2.559, RCA_loss: 0.003, TC_loss: 0.015
2025-03-08 10:05:33 [INFO]: Epoch 167 done. Loss: 4.072, Time per epoch: 1.155[s]
2025-03-08 10:05:33 [DEBUG]: con_loss: 2.612, RCA_loss: 0.010, TC_loss: 0.024
2025-03-08 10:05:34 [DEBUG]: con_loss: 2.574, RCA_loss: 0.003, TC_loss: 0.023
2025-03-08 10:05:34 [INFO]: Epoch 168 done. Loss: 4.084, Time per epoch: 1.030[s]
2025-03-08 10:05:34 [DEBUG]: con_loss: 2.600, RCA_loss: 0.002, TC_loss: 0.019
2025-03-08 10:05:35 [DEBUG]: con_loss: 2.578, RCA_loss: 0.007, TC_loss: 0.024
2025-03-08 10:05:35 [INFO]: Epoch 169 done. Loss: 4.080, Time per epoch: 1.370[s]
2025-03-08 10:05:35 [DEBUG]: con_loss: 2.602, RCA_loss: 0.005, TC_loss: 0.029
2025-03-08 10:05:36 [DEBUG]: con_loss: 2.552, RCA_loss: 0.002, TC_loss: 0.025
2025-03-08 10:05:36 [INFO]: Epoch 170 done. Loss: 4.077, Time per epoch: 1.004[s]
2025-03-08 10:05:36 [DEBUG]: con_loss: 2.606, RCA_loss: 0.005, TC_loss: 0.016
2025-03-08 10:05:37 [DEBUG]: con_loss: 2.567, RCA_loss: 0.002, TC_loss: 0.028
2025-03-08 10:05:37 [INFO]: Epoch 171 done. Loss: 4.078, Time per epoch: 0.882[s]
2025-03-08 10:05:37 [DEBUG]: con_loss: 2.611, RCA_loss: 0.013, TC_loss: 0.030
2025-03-08 10:05:38 [DEBUG]: con_loss: 2.560, RCA_loss: 0.002, TC_loss: 0.023
2025-03-08 10:05:38 [INFO]: Epoch 172 done. Loss: 4.082, Time per epoch: 0.917[s]
2025-03-08 10:05:38 [DEBUG]: con_loss: 2.596, RCA_loss: 0.003, TC_loss: 0.017
2025-03-08 10:05:39 [DEBUG]: con_loss: 2.564, RCA_loss: 0.002, TC_loss: 0.026
2025-03-08 10:05:39 [INFO]: Epoch 173 done. Loss: 4.075, Time per epoch: 0.952[s]
2025-03-08 10:05:39 [DEBUG]: con_loss: 2.582, RCA_loss: 0.002, TC_loss: 0.021
2025-03-08 10:05:40 [DEBUG]: con_loss: 2.565, RCA_loss: 0.003, TC_loss: 0.021
2025-03-08 10:05:40 [INFO]: Epoch 174 done. Loss: 4.071, Time per epoch: 1.025[s]
2025-03-08 10:05:40 [DEBUG]: con_loss: 2.586, RCA_loss: 0.004, TC_loss: 0.022
2025-03-08 10:05:41 [DEBUG]: con_loss: 2.565, RCA_loss: 0.005, TC_loss: 0.018
2025-03-08 10:05:41 [INFO]: Epoch 175 done. Loss: 4.073, Time per epoch: 0.977[s]
2025-03-08 10:05:41 [DEBUG]: con_loss: 2.595, RCA_loss: 0.003, TC_loss: 0.019
2025-03-08 10:05:42 [DEBUG]: con_loss: 2.560, RCA_loss: 0.002, TC_loss: 0.024
2025-03-08 10:05:42 [INFO]: Epoch 176 done. Loss: 4.073, Time per epoch: 1.174[s]
2025-03-08 10:05:42 [DEBUG]: con_loss: 2.590, RCA_loss: 0.002, TC_loss: 0.032
2025-03-08 10:05:43 [DEBUG]: con_loss: 2.550, RCA_loss: 0.002, TC_loss: 0.013
2025-03-08 10:05:43 [INFO]: Epoch 177 done. Loss: 4.070, Time per epoch: 0.968[s]
2025-03-08 10:05:43 [DEBUG]: con_loss: 2.598, RCA_loss: 0.003, TC_loss: 0.019
2025-03-08 10:05:44 [DEBUG]: con_loss: 2.556, RCA_loss: 0.003, TC_loss: 0.025
2025-03-08 10:05:44 [INFO]: Epoch 178 done. Loss: 4.074, Time per epoch: 0.909[s]
2025-03-08 10:05:44 [DEBUG]: con_loss: 2.583, RCA_loss: 0.006, TC_loss: 0.019
2025-03-08 10:05:45 [DEBUG]: con_loss: 2.549, RCA_loss: 0.004, TC_loss: 0.017
2025-03-08 10:05:45 [INFO]: Epoch 179 done. Loss: 4.067, Time per epoch: 1.168[s]
2025-03-08 10:05:45 [DEBUG]: con_loss: 2.590, RCA_loss: 0.004, TC_loss: 0.015
2025-03-08 10:05:46 [DEBUG]: con_loss: 2.546, RCA_loss: 0.001, TC_loss: 0.016
2025-03-08 10:05:46 [INFO]: Epoch 180 done. Loss: 4.066, Time per epoch: 1.004[s]
2025-03-08 10:05:46 [DEBUG]: con_loss: 2.592, RCA_loss: 0.002, TC_loss: 0.026
2025-03-08 10:05:47 [DEBUG]: con_loss: 2.540, RCA_loss: 0.003, TC_loss: 0.026
2025-03-08 10:05:47 [INFO]: Epoch 181 done. Loss: 4.070, Time per epoch: 0.971[s]
2025-03-08 10:05:47 [DEBUG]: con_loss: 2.589, RCA_loss: 0.004, TC_loss: 0.021
2025-03-08 10:05:48 [DEBUG]: con_loss: 2.549, RCA_loss: 0.003, TC_loss: 0.022
2025-03-08 10:05:48 [INFO]: Epoch 182 done. Loss: 4.069, Time per epoch: 0.966[s]
2025-03-08 10:05:48 [DEBUG]: con_loss: 2.583, RCA_loss: 0.003, TC_loss: 0.025
2025-03-08 10:05:49 [DEBUG]: con_loss: 2.551, RCA_loss: 0.002, TC_loss: 0.021
2025-03-08 10:05:49 [INFO]: Epoch 183 done. Loss: 4.069, Time per epoch: 1.034[s]
2025-03-08 10:05:49 [DEBUG]: con_loss: 2.580, RCA_loss: 0.004, TC_loss: 0.021
2025-03-08 10:05:50 [DEBUG]: con_loss: 2.530, RCA_loss: 0.003, TC_loss: 0.015
2025-03-08 10:05:50 [INFO]: Epoch 184 done. Loss: 4.061, Time per epoch: 0.987[s]
2025-03-08 10:05:50 [DEBUG]: con_loss: 2.585, RCA_loss: 0.002, TC_loss: 0.020
2025-03-08 10:05:51 [DEBUG]: con_loss: 2.529, RCA_loss: 0.004, TC_loss: 0.016
2025-03-08 10:05:51 [INFO]: Epoch 185 done. Loss: 4.062, Time per epoch: 0.900[s]
2025-03-08 10:05:51 [DEBUG]: con_loss: 2.566, RCA_loss: 0.001, TC_loss: 0.017
2025-03-08 10:05:52 [DEBUG]: con_loss: 2.543, RCA_loss: 0.003, TC_loss: 0.019
2025-03-08 10:05:52 [INFO]: Epoch 186 done. Loss: 4.060, Time per epoch: 0.922[s]
2025-03-08 10:05:52 [DEBUG]: con_loss: 2.576, RCA_loss: 0.002, TC_loss: 0.020
2025-03-08 10:05:53 [DEBUG]: con_loss: 2.545, RCA_loss: 0.002, TC_loss: 0.017
2025-03-08 10:05:53 [INFO]: Epoch 187 done. Loss: 4.063, Time per epoch: 1.002[s]
2025-03-08 10:05:53 [DEBUG]: con_loss: 2.591, RCA_loss: 0.007, TC_loss: 0.018
2025-03-08 10:05:54 [DEBUG]: con_loss: 2.541, RCA_loss: 0.001, TC_loss: 0.016
2025-03-08 10:05:54 [INFO]: Epoch 188 done. Loss: 4.066, Time per epoch: 0.988[s]
2025-03-08 10:05:54 [DEBUG]: con_loss: 2.563, RCA_loss: 0.002, TC_loss: 0.022
2025-03-08 10:05:55 [DEBUG]: con_loss: 2.539, RCA_loss: 0.002, TC_loss: 0.020
2025-03-08 10:05:55 [INFO]: Epoch 189 done. Loss: 4.060, Time per epoch: 1.172[s]
2025-03-08 10:05:55 [DEBUG]: con_loss: 2.585, RCA_loss: 0.006, TC_loss: 0.016
2025-03-08 10:05:56 [DEBUG]: con_loss: 2.541, RCA_loss: 0.001, TC_loss: 0.022
2025-03-08 10:05:56 [INFO]: Epoch 190 done. Loss: 4.065, Time per epoch: 1.089[s]
2025-03-08 10:05:57 [DEBUG]: con_loss: 2.579, RCA_loss: 0.002, TC_loss: 0.023
2025-03-08 10:05:57 [DEBUG]: con_loss: 2.534, RCA_loss: 0.005, TC_loss: 0.016
2025-03-08 10:05:57 [INFO]: Epoch 191 done. Loss: 4.062, Time per epoch: 1.098[s]
2025-03-08 10:05:58 [DEBUG]: con_loss: 2.570, RCA_loss: 0.002, TC_loss: 0.019
2025-03-08 10:05:58 [DEBUG]: con_loss: 2.514, RCA_loss: 0.002, TC_loss: 0.013
2025-03-08 10:05:58 [INFO]: Epoch 192 done. Loss: 4.052, Time per epoch: 0.983[s]
2025-03-08 10:05:59 [DEBUG]: con_loss: 2.583, RCA_loss: 0.006, TC_loss: 0.022
2025-03-08 10:05:59 [DEBUG]: con_loss: 2.530, RCA_loss: 0.002, TC_loss: 0.021
2025-03-08 10:06:00 [INFO]: Epoch 193 done. Loss: 4.064, Time per epoch: 1.179[s]
2025-03-08 10:06:00 [DEBUG]: con_loss: 2.565, RCA_loss: 0.001, TC_loss: 0.017
2025-03-08 10:06:00 [DEBUG]: con_loss: 2.542, RCA_loss: 0.003, TC_loss: 0.015
2025-03-08 10:06:01 [INFO]: Epoch 194 done. Loss: 4.058, Time per epoch: 1.015[s]
2025-03-08 10:06:01 [DEBUG]: con_loss: 2.562, RCA_loss: 0.002, TC_loss: 0.019
2025-03-08 10:06:01 [DEBUG]: con_loss: 2.518, RCA_loss: 0.007, TC_loss: 0.016
2025-03-08 10:06:02 [INFO]: Epoch 195 done. Loss: 4.053, Time per epoch: 0.979[s]
2025-03-08 10:06:02 [DEBUG]: con_loss: 2.575, RCA_loss: 0.010, TC_loss: 0.019
2025-03-08 10:06:02 [DEBUG]: con_loss: 2.524, RCA_loss: 0.005, TC_loss: 0.021
2025-03-08 10:06:02 [INFO]: Epoch 196 done. Loss: 4.061, Time per epoch: 0.955[s]
2025-03-08 10:06:03 [DEBUG]: con_loss: 2.562, RCA_loss: 0.004, TC_loss: 0.027
2025-03-08 10:06:03 [DEBUG]: con_loss: 2.509, RCA_loss: 0.002, TC_loss: 0.016
2025-03-08 10:06:03 [INFO]: Epoch 197 done. Loss: 4.052, Time per epoch: 1.006[s]
2025-03-08 10:06:04 [DEBUG]: con_loss: 2.565, RCA_loss: 0.002, TC_loss: 0.019
2025-03-08 10:06:04 [DEBUG]: con_loss: 2.535, RCA_loss: 0.004, TC_loss: 0.018
2025-03-08 10:06:04 [INFO]: Epoch 198 done. Loss: 4.058, Time per epoch: 0.914[s]
2025-03-08 10:06:05 [DEBUG]: con_loss: 2.566, RCA_loss: 0.002, TC_loss: 0.012
2025-03-08 10:06:05 [DEBUG]: con_loss: 2.529, RCA_loss: 0.003, TC_loss: 0.022
2025-03-08 10:06:06 [INFO]: Epoch 199 done. Loss: 4.056, Time per epoch: 1.146[s]
2025-03-08 10:06:06 [DEBUG]: con_loss: 2.552, RCA_loss: 0.004, TC_loss: 0.018
2025-03-08 10:06:06 [DEBUG]: con_loss: 2.523, RCA_loss: 0.001, TC_loss: 0.017
2025-03-08 10:06:07 [INFO]: Epoch 200 done. Loss: 4.051, Time per epoch: 1.118[s]
2025-03-08 10:06:07 [DEBUG]: con_loss: 2.548, RCA_loss: 0.003, TC_loss: 0.013
2025-03-08 10:06:07 [DEBUG]: con_loss: 2.528, RCA_loss: 0.006, TC_loss: 0.018
2025-03-08 10:06:08 [INFO]: Epoch 201 done. Loss: 4.052, Time per epoch: 0.977[s]
2025-03-08 10:06:08 [DEBUG]: con_loss: 2.567, RCA_loss: 0.004, TC_loss: 0.027
2025-03-08 10:06:08 [DEBUG]: con_loss: 2.519, RCA_loss: 0.002, TC_loss: 0.017
2025-03-08 10:06:09 [INFO]: Epoch 202 done. Loss: 4.056, Time per epoch: 0.968[s]
2025-03-08 10:06:09 [DEBUG]: con_loss: 2.563, RCA_loss: 0.002, TC_loss: 0.021
2025-03-08 10:06:09 [DEBUG]: con_loss: 2.519, RCA_loss: 0.006, TC_loss: 0.015
2025-03-08 10:06:10 [INFO]: Epoch 203 done. Loss: 4.054, Time per epoch: 1.000[s]
2025-03-08 10:06:10 [DEBUG]: con_loss: 2.567, RCA_loss: 0.002, TC_loss: 0.016
2025-03-08 10:06:10 [DEBUG]: con_loss: 2.514, RCA_loss: 0.004, TC_loss: 0.017
2025-03-08 10:06:11 [INFO]: Epoch 204 done. Loss: 4.053, Time per epoch: 1.025[s]
2025-03-08 10:06:11 [DEBUG]: con_loss: 2.540, RCA_loss: 0.003, TC_loss: 0.015
2025-03-08 10:06:11 [DEBUG]: con_loss: 2.518, RCA_loss: 0.002, TC_loss: 0.021
2025-03-08 10:06:12 [INFO]: Epoch 205 done. Loss: 4.047, Time per epoch: 1.090[s]
2025-03-08 10:06:12 [DEBUG]: con_loss: 2.532, RCA_loss: 0.002, TC_loss: 0.013
2025-03-08 10:06:13 [DEBUG]: con_loss: 2.510, RCA_loss: 0.004, TC_loss: 0.015
2025-03-08 10:06:13 [INFO]: Epoch 206 done. Loss: 4.042, Time per epoch: 1.094[s]
2025-03-08 10:06:13 [DEBUG]: con_loss: 2.553, RCA_loss: 0.002, TC_loss: 0.013
2025-03-08 10:06:14 [DEBUG]: con_loss: 2.510, RCA_loss: 0.005, TC_loss: 0.016
2025-03-08 10:06:14 [INFO]: Epoch 207 done. Loss: 4.047, Time per epoch: 0.995[s]
2025-03-08 10:06:14 [DEBUG]: con_loss: 2.534, RCA_loss: 0.001, TC_loss: 0.017
2025-03-08 10:06:15 [DEBUG]: con_loss: 2.508, RCA_loss: 0.002, TC_loss: 0.015
2025-03-08 10:06:15 [INFO]: Epoch 208 done. Loss: 4.042, Time per epoch: 1.007[s]
2025-03-08 10:06:15 [DEBUG]: con_loss: 2.559, RCA_loss: 0.002, TC_loss: 0.017
2025-03-08 10:06:16 [DEBUG]: con_loss: 2.486, RCA_loss: 0.002, TC_loss: 0.016
2025-03-08 10:06:16 [INFO]: Epoch 209 done. Loss: 4.043, Time per epoch: 1.211[s]
2025-03-08 10:06:16 [DEBUG]: con_loss: 2.536, RCA_loss: 0.003, TC_loss: 0.014
2025-03-08 10:06:17 [DEBUG]: con_loss: 2.520, RCA_loss: 0.002, TC_loss: 0.021
2025-03-08 10:06:17 [INFO]: Epoch 210 done. Loss: 4.047, Time per epoch: 0.970[s]
2025-03-08 10:06:17 [DEBUG]: con_loss: 2.535, RCA_loss: 0.001, TC_loss: 0.016
2025-03-08 10:06:18 [DEBUG]: con_loss: 2.514, RCA_loss: 0.002, TC_loss: 0.015
2025-03-08 10:06:18 [INFO]: Epoch 211 done. Loss: 4.044, Time per epoch: 1.120[s]
2025-03-08 10:06:18 [DEBUG]: con_loss: 2.543, RCA_loss: 0.001, TC_loss: 0.019
2025-03-08 10:06:19 [DEBUG]: con_loss: 2.504, RCA_loss: 0.003, TC_loss: 0.014
2025-03-08 10:06:19 [INFO]: Epoch 212 done. Loss: 4.044, Time per epoch: 0.973[s]
2025-03-08 10:06:19 [DEBUG]: con_loss: 2.540, RCA_loss: 0.002, TC_loss: 0.014
2025-03-08 10:06:20 [DEBUG]: con_loss: 2.498, RCA_loss: 0.002, TC_loss: 0.016
2025-03-08 10:06:20 [INFO]: Epoch 213 done. Loss: 4.041, Time per epoch: 0.987[s]
2025-03-08 10:06:20 [DEBUG]: con_loss: 2.523, RCA_loss: 0.002, TC_loss: 0.016
2025-03-08 10:06:21 [DEBUG]: con_loss: 2.497, RCA_loss: 0.005, TC_loss: 0.018
2025-03-08 10:06:21 [INFO]: Epoch 214 done. Loss: 4.038, Time per epoch: 0.974[s]
2025-03-08 10:06:21 [DEBUG]: con_loss: 2.534, RCA_loss: 0.002, TC_loss: 0.016
2025-03-08 10:06:22 [DEBUG]: con_loss: 2.502, RCA_loss: 0.004, TC_loss: 0.018
2025-03-08 10:06:22 [INFO]: Epoch 215 done. Loss: 4.041, Time per epoch: 1.011[s]
2025-03-08 10:06:22 [DEBUG]: con_loss: 2.533, RCA_loss: 0.006, TC_loss: 0.020
2025-03-08 10:06:23 [DEBUG]: con_loss: 2.513, RCA_loss: 0.003, TC_loss: 0.011
2025-03-08 10:06:23 [INFO]: Epoch 216 done. Loss: 4.044, Time per epoch: 1.103[s]
2025-03-08 10:06:23 [DEBUG]: con_loss: 2.512, RCA_loss: 0.011, TC_loss: 0.016
2025-03-08 10:06:24 [DEBUG]: con_loss: 2.515, RCA_loss: 0.002, TC_loss: 0.014
2025-03-08 10:06:24 [INFO]: Epoch 217 done. Loss: 4.040, Time per epoch: 1.050[s]
2025-03-08 10:06:24 [DEBUG]: con_loss: 2.531, RCA_loss: 0.002, TC_loss: 0.014
2025-03-08 10:06:25 [DEBUG]: con_loss: 2.490, RCA_loss: 0.006, TC_loss: 0.013
2025-03-08 10:06:25 [INFO]: Epoch 218 done. Loss: 4.037, Time per epoch: 1.042[s]
2025-03-08 10:06:26 [DEBUG]: con_loss: 2.537, RCA_loss: 0.002, TC_loss: 0.014
2025-03-08 10:06:27 [DEBUG]: con_loss: 2.464, RCA_loss: 0.002, TC_loss: 0.014
2025-03-08 10:06:27 [INFO]: Epoch 219 done. Loss: 4.031, Time per epoch: 1.512[s]
2025-03-08 10:06:27 [DEBUG]: con_loss: 2.523, RCA_loss: 0.004, TC_loss: 0.016
2025-03-08 10:06:28 [DEBUG]: con_loss: 2.507, RCA_loss: 0.002, TC_loss: 0.016
2025-03-08 10:06:28 [INFO]: Epoch 220 done. Loss: 4.040, Time per epoch: 1.028[s]
2025-03-08 10:06:28 [DEBUG]: con_loss: 2.530, RCA_loss: 0.003, TC_loss: 0.014
2025-03-08 10:06:29 [DEBUG]: con_loss: 2.492, RCA_loss: 0.001, TC_loss: 0.013
2025-03-08 10:06:29 [INFO]: Epoch 221 done. Loss: 4.036, Time per epoch: 0.979[s]
2025-03-08 10:06:29 [DEBUG]: con_loss: 2.544, RCA_loss: 0.002, TC_loss: 0.012
2025-03-08 10:06:30 [DEBUG]: con_loss: 2.496, RCA_loss: 0.001, TC_loss: 0.017
2025-03-08 10:06:30 [INFO]: Epoch 222 done. Loss: 4.041, Time per epoch: 1.009[s]
2025-03-08 10:06:30 [DEBUG]: con_loss: 2.522, RCA_loss: 0.003, TC_loss: 0.019
2025-03-08 10:06:31 [DEBUG]: con_loss: 2.503, RCA_loss: 0.002, TC_loss: 0.020
2025-03-08 10:06:31 [INFO]: Epoch 223 done. Loss: 4.040, Time per epoch: 0.981[s]
2025-03-08 10:06:31 [DEBUG]: con_loss: 2.508, RCA_loss: 0.002, TC_loss: 0.014
2025-03-08 10:06:32 [DEBUG]: con_loss: 2.517, RCA_loss: 0.002, TC_loss: 0.018
2025-03-08 10:06:32 [INFO]: Epoch 224 done. Loss: 4.037, Time per epoch: 0.990[s]
2025-03-08 10:06:32 [DEBUG]: con_loss: 2.527, RCA_loss: 0.001, TC_loss: 0.012
2025-03-08 10:06:33 [DEBUG]: con_loss: 2.495, RCA_loss: 0.003, TC_loss: 0.017
2025-03-08 10:06:33 [INFO]: Epoch 225 done. Loss: 4.036, Time per epoch: 1.005[s]
2025-03-08 10:06:33 [DEBUG]: con_loss: 2.548, RCA_loss: 0.005, TC_loss: 0.017
2025-03-08 10:06:34 [DEBUG]: con_loss: 2.494, RCA_loss: 0.003, TC_loss: 0.015
2025-03-08 10:06:34 [INFO]: Epoch 226 done. Loss: 4.043, Time per epoch: 1.115[s]
2025-03-08 10:06:34 [DEBUG]: con_loss: 2.532, RCA_loss: 0.002, TC_loss: 0.011
2025-03-08 10:06:35 [DEBUG]: con_loss: 2.482, RCA_loss: 0.005, TC_loss: 0.014
2025-03-08 10:06:35 [INFO]: Epoch 227 done. Loss: 4.034, Time per epoch: 1.031[s]
2025-03-08 10:06:35 [DEBUG]: con_loss: 2.509, RCA_loss: 0.003, TC_loss: 0.012
2025-03-08 10:06:36 [DEBUG]: con_loss: 2.502, RCA_loss: 0.002, TC_loss: 0.019
2025-03-08 10:06:36 [INFO]: Epoch 228 done. Loss: 4.034, Time per epoch: 0.988[s]
2025-03-08 10:06:36 [DEBUG]: con_loss: 2.533, RCA_loss: 0.001, TC_loss: 0.015
2025-03-08 10:06:37 [DEBUG]: con_loss: 2.498, RCA_loss: 0.002, TC_loss: 0.016
2025-03-08 10:06:37 [INFO]: Epoch 229 done. Loss: 4.039, Time per epoch: 1.174[s]
2025-03-08 10:06:37 [INFO]: Early stop at epoch 229 due to lack of improvement.
2025-03-08 10:06:37 [INFO]: Training has finished.
2025-03-08 10:06:37 [DEBUG]: The training time is 240.11429119110107[s]
2025-03-08 10:06:37 [DEBUG]: The training time per epoch is 1.0439751790917438[s]
2025-03-08 10:06:37 [DEBUG]: The affinity of RCL -> FTI is 0.0037781240348599976
2025-03-08 10:06:37 [DEBUG]: The affinity of FTI -> RCL is 0.10225235718784176
2025-03-08 10:06:37 [INFO]: Model checkpoint and metadata has been saved at ./logs/sockshop.
2025-03-08 10:06:39 [INFO]: [Root localization] HR@1: 86.307%, HR@2: 92.116%, HR@3: 95.436%, HR@4: 96.266%, HR@5: 96.266%, avg@3: 0.913, MRR@3: 0.903
2025-03-08 10:06:39 [INFO]: [Failure type classification] precision: 64.945%, recall: 62.241%, f1-score: 63.564%
2025-03-08 10:06:39 [INFO]: The average test time is 0.007940884942335706[s]
2025-03-08 10:06:39 [INFO]: The total test time is 1.9137532711029053[s]
